{"/Users/ateffawaz/Downloads/FINAX/SI-FINAL/src/index.ts": {"path":"/Users/ateffawaz/Downloads/FINAX/SI-FINAL/src/index.ts","statementMap":{"0":{"start":{"line":1,"column":0},"end":{"line":1,"column":40}},"1":{"start":{"line":3,"column":0},"end":{"line":3,"column":11}}},"fnMap":{},"branchMap":{},"s":{"0":0,"1":0},"f":{},"b":{}}
,"/Users/ateffawaz/Downloads/FINAX/SI-FINAL/src/boot/setup.ts": {"path":"/Users/ateffawaz/Downloads/FINAX/SI-FINAL/src/boot/setup.ts","statementMap":{"0":{"start":{"line":1,"column":0},"end":{"line":1,"column":30}},"1":{"start":{"line":2,"column":0},"end":{"line":2,"column":28}},"2":{"start":{"line":3,"column":0},"end":{"line":3,"column":16}},"3":{"start":{"line":4,"column":0},"end":{"line":4,"column":24}},"4":{"start":{"line":5,"column":0},"end":{"line":5,"column":28}},"5":{"start":{"line":6,"column":0},"end":{"line":6,"column":32}},"6":{"start":{"line":7,"column":0},"end":{"line":7,"column":38}},"7":{"start":{"line":8,"column":0},"end":{"line":8,"column":28}},"8":{"start":{"line":9,"column":0},"end":{"line":9,"column":47}},"9":{"start":{"line":10,"column":0},"end":{"line":10,"column":46}},"10":{"start":{"line":11,"column":0},"end":{"line":11,"column":52}},"11":{"start":{"line":12,"column":0},"end":{"line":12,"column":55}},"12":{"start":{"line":13,"column":0},"end":{"line":13,"column":48}},"13":{"start":{"line":15,"column":0},"end":{"line":15,"column":47}},"14":{"start":{"line":16,"column":0},"end":{"line":16,"column":54}},"15":{"start":{"line":17,"column":0},"end":{"line":17,"column":49}},"16":{"start":{"line":18,"column":0},"end":{"line":18,"column":53}},"17":{"start":{"line":19,"column":0},"end":{"line":19,"column":51}},"18":{"start":{"line":20,"column":0},"end":{"line":20,"column":51}},"19":{"start":{"line":21,"column":0},"end":{"line":21,"column":55}},"20":{"start":{"line":23,"column":13},"end":{"line":23,"column":37}},"21":{"start":{"line":24,"column":12},"end":{"line":24,"column":21}},"22":{"start":{"line":26,"column":18},"end":{"line":35,"column":2}},"23":{"start":{"line":26,"column":29},"end":{"line":35,"column":2}},"24":{"start":{"line":27,"column":2},"end":{"line":34,"column":null}},"25":{"start":{"line":28,"column":4},"end":{"line":28,"column":55}},"26":{"start":{"line":29,"column":4},"end":{"line":29,"column":62}},"27":{"start":{"line":30,"column":4},"end":{"line":30,"column":37}},"28":{"start":{"line":32,"column":4},"end":{"line":32,"column":61}},"29":{"start":{"line":33,"column":4},"end":{"line":33,"column":20}},"30":{"start":{"line":38,"column":31},"end":{"line":81,"column":1}},"31":{"start":{"line":39,"column":2},"end":{"line":80,"column":null}},"32":{"start":{"line":40,"column":4},"end":{"line":50,"column":6}},"33":{"start":{"line":52,"column":4},"end":{"line":56,"column":6}},"34":{"start":{"line":54,"column":46},"end":{"line":54,"column":73}},"35":{"start":{"line":57,"column":4},"end":{"line":57,"column":28}},"36":{"start":{"line":58,"column":4},"end":{"line":58,"column":22}},"37":{"start":{"line":59,"column":4},"end":{"line":59,"column":22}},"38":{"start":{"line":61,"column":4},"end":{"line":61,"column":23}},"39":{"start":{"line":62,"column":4},"end":{"line":62,"column":25}},"40":{"start":{"line":64,"column":4},"end":{"line":64,"column":33}},"41":{"start":{"line":65,"column":4},"end":{"line":65,"column":35}},"42":{"start":{"line":66,"column":4},"end":{"line":66,"column":53}},"43":{"start":{"line":67,"column":4},"end":{"line":67,"column":52}},"44":{"start":{"line":68,"column":4},"end":{"line":68,"column":50}},"45":{"start":{"line":69,"column":4},"end":{"line":69,"column":51}},"46":{"start":{"line":70,"column":4},"end":{"line":70,"column":54}},"47":{"start":{"line":72,"column":4},"end":{"line":72,"column":22}},"48":{"start":{"line":74,"column":4},"end":{"line":74,"column":52}},"49":{"start":{"line":76,"column":4},"end":{"line":78,"column":6}},"50":{"start":{"line":79,"column":4},"end":{"line":79,"column":20}},"51":{"start":{"line":84,"column":20},"end":{"line":89,"column":1}},"52":{"start":{"line":85,"column":2},"end":{"line":88,"column":5}},"53":{"start":{"line":86,"column":4},"end":{"line":86,"column":62}},"54":{"start":{"line":87,"column":4},"end":{"line":87,"column":20}},"55":{"start":{"line":92,"column":24},"end":{"line":108,"column":2}},"56":{"start":{"line":92,"column":35},"end":{"line":108,"column":2}},"57":{"start":{"line":93,"column":2},"end":{"line":107,"column":null}},"58":{"start":{"line":94,"column":4},"end":{"line":94,"column":22}},"59":{"start":{"line":95,"column":4},"end":{"line":95,"column":29}},"60":{"start":{"line":97,"column":4},"end":{"line":99,"column":7}},"61":{"start":{"line":98,"column":6},"end":{"line":98,"column":52}},"62":{"start":{"line":101,"column":4},"end":{"line":101,"column":18}},"63":{"start":{"line":103,"column":4},"end":{"line":105,"column":6}},"64":{"start":{"line":106,"column":4},"end":{"line":106,"column":14}},"65":{"start":{"line":92,"column":13},"end":{"line":92,"column":24}}},"fnMap":{"0":{"name":"(anonymous_8)","decl":{"start":{"line":26,"column":18},"end":{"line":26,"column":27}},"loc":{"start":{"line":26,"column":29},"end":{"line":35,"column":2}}},"1":{"name":"(anonymous_9)","decl":{"start":{"line":26,"column":29},"end":{"line":26,"column":null}},"loc":{"start":{"line":26,"column":29},"end":{"line":35,"column":1}}},"2":{"name":"(anonymous_10)","decl":{"start":{"line":38,"column":31},"end":{"line":38,"column":34}},"loc":{"start":{"line":38,"column":36},"end":{"line":81,"column":1}}},"3":{"name":"(anonymous_11)","decl":{"start":{"line":54,"column":25},"end":{"line":54,"column":26}},"loc":{"start":{"line":54,"column":46},"end":{"line":54,"column":73}}},"4":{"name":"(anonymous_12)","decl":{"start":{"line":84,"column":20},"end":{"line":84,"column":23}},"loc":{"start":{"line":84,"column":25},"end":{"line":89,"column":1}}},"5":{"name":"(anonymous_13)","decl":{"start":{"line":85,"column":34},"end":{"line":85,"column":35}},"loc":{"start":{"line":85,"column":42},"end":{"line":88,"column":3}}},"6":{"name":"(anonymous_14)","decl":{"start":{"line":92,"column":24},"end":{"line":92,"column":33}},"loc":{"start":{"line":92,"column":35},"end":{"line":108,"column":2}}},"7":{"name":"(anonymous_15)","decl":{"start":{"line":92,"column":35},"end":{"line":92,"column":null}},"loc":{"start":{"line":92,"column":35},"end":{"line":108,"column":1}}},"8":{"name":"(anonymous_16)","decl":{"start":{"line":97,"column":21},"end":{"line":97,"column":24}},"loc":{"start":{"line":97,"column":26},"end":{"line":99,"column":5}}}},"branchMap":{"0":{"loc":{"start":{"line":23,"column":13},"end":{"line":23,"column":37}},"type":"binary-expr","locations":[{"start":{"line":23,"column":13},"end":{"line":23,"column":29}},{"start":{"line":23,"column":33},"end":{"line":23,"column":37}}]}},"s":{"0":0,"1":0,"2":0,"3":0,"4":0,"5":0,"6":0,"7":0,"8":0,"9":0,"10":0,"11":0,"12":0,"13":0,"14":0,"15":0,"16":0,"17":0,"18":0,"19":0,"20":0,"21":0,"22":0,"23":0,"24":0,"25":0,"26":0,"27":0,"28":0,"29":0,"30":0,"31":0,"32":0,"33":0,"34":0,"35":0,"36":0,"37":0,"38":0,"39":0,"40":0,"41":0,"42":0,"43":0,"44":0,"45":0,"46":0,"47":0,"48":0,"49":0,"50":0,"51":0,"52":0,"53":0,"54":0,"55":0,"56":0,"57":0,"58":0,"59":0,"60":0,"61":0,"62":0,"63":0,"64":0,"65":0},"f":{"0":0,"1":0,"2":0,"3":0,"4":0,"5":0,"6":0,"7":0,"8":0},"b":{"0":[0,0]}}
,"/Users/ateffawaz/Downloads/FINAX/SI-FINAL/src/boot/database/db_connect.ts": {"path":"/Users/ateffawaz/Downloads/FINAX/SI-FINAL/src/boot/database/db_connect.ts","statementMap":{"0":{"start":{"line":1,"column":0},"end":{"line":1,"column":26}},"1":{"start":{"line":2,"column":0},"end":{"line":2,"column":50}},"2":{"start":{"line":4,"column":18},"end":{"line":11,"column":2}},"3":{"start":{"line":13,"column":13},"end":{"line":13,"column":32}},"4":{"start":{"line":15,"column":0},"end":{"line":17,"column":3}},"5":{"start":{"line":16,"column":2},"end":{"line":16,"column":38}},"6":{"start":{"line":19,"column":0},"end":{"line":22,"column":3}},"7":{"start":{"line":20,"column":2},"end":{"line":20,"column":55}},"8":{"start":{"line":21,"column":2},"end":{"line":21,"column":19}},"9":{"start":{"line":24,"column":0},"end":{"line":24,"column":20}}},"fnMap":{"0":{"name":"(anonymous_0)","decl":{"start":{"line":15,"column":19},"end":{"line":15,"column":22}},"loc":{"start":{"line":15,"column":24},"end":{"line":17,"column":1}}},"1":{"name":"(anonymous_1)","decl":{"start":{"line":19,"column":17},"end":{"line":19,"column":18}},"loc":{"start":{"line":19,"column":25},"end":{"line":22,"column":1}}}},"branchMap":{},"s":{"0":0,"1":0,"2":0,"3":0,"4":0,"5":0,"6":0,"7":0,"8":0,"9":0},"f":{"0":0,"1":0},"b":{}}
,"/Users/ateffawaz/Downloads/FINAX/SI-FINAL/src/constants/statusCodes.ts": {"path":"/Users/ateffawaz/Downloads/FINAX/SI-FINAL/src/constants/statusCodes.ts","statementMap":{"0":{"start":{"line":1,"column":27},"end":{"line":1,"column":30}},"1":{"start":{"line":10,"column":2},"end":{"line":10,"column":12}},"2":{"start":{"line":2,"column":25},"end":{"line":2,"column":28}},"3":{"start":{"line":11,"column":2},"end":{"line":11,"column":10}},"4":{"start":{"line":3,"column":27},"end":{"line":3,"column":30}},"5":{"start":{"line":12,"column":2},"end":{"line":12,"column":12}},"6":{"start":{"line":4,"column":24},"end":{"line":4,"column":27}},"7":{"start":{"line":13,"column":2},"end":{"line":13,"column":9}},"8":{"start":{"line":5,"column":29},"end":{"line":5,"column":32}},"9":{"start":{"line":14,"column":2},"end":{"line":14,"column":14}},"10":{"start":{"line":6,"column":27},"end":{"line":6,"column":30}},"11":{"start":{"line":15,"column":2},"end":{"line":15,"column":12}},"12":{"start":{"line":7,"column":34},"end":{"line":7,"column":37}},"13":{"start":{"line":16,"column":2},"end":{"line":16,"column":19}}},"fnMap":{},"branchMap":{},"s":{"0":0,"1":0,"2":0,"3":0,"4":0,"5":0,"6":0,"7":0,"8":0,"9":0,"10":0,"11":0,"12":0,"13":0},"f":{},"b":{}}
,"/Users/ateffawaz/Downloads/FINAX/SI-FINAL/src/controllers/auth.controller.ts": {"path":"/Users/ateffawaz/Downloads/FINAX/SI-FINAL/src/controllers/auth.controller.ts","statementMap":{"0":{"start":{"line":2,"column":0},"end":{"line":2,"column":44}},"1":{"start":{"line":3,"column":0},"end":{"line":3,"column":28}},"2":{"start":{"line":4,"column":0},"end":{"line":4,"column":31}},"3":{"start":{"line":6,"column":22},"end":{"line":26,"column":2}},"4":{"start":{"line":6,"column":60},"end":{"line":26,"column":2}},"5":{"start":{"line":7,"column":40},"end":{"line":7,"column":48}},"6":{"start":{"line":9,"column":2},"end":{"line":11,"column":null}},"7":{"start":{"line":10,"column":4},"end":{"line":10,"column":66}},"8":{"start":{"line":13,"column":15},"end":{"line":13,"column":44}},"9":{"start":{"line":15,"column":2},"end":{"line":25,"column":null}},"10":{"start":{"line":16,"column":17},"end":{"line":20,"column":6}},"11":{"start":{"line":21,"column":22},"end":{"line":21,"column":39}},"12":{"start":{"line":22,"column":4},"end":{"line":22,"column":43}},"13":{"start":{"line":24,"column":4},"end":{"line":24,"column":68}},"14":{"start":{"line":6,"column":13},"end":{"line":6,"column":22}},"15":{"start":{"line":28,"column":22},"end":{"line":64,"column":2}},"16":{"start":{"line":28,"column":60},"end":{"line":64,"column":2}},"17":{"start":{"line":29,"column":30},"end":{"line":29,"column":38}},"18":{"start":{"line":31,"column":2},"end":{"line":33,"column":null}},"19":{"start":{"line":32,"column":4},"end":{"line":32,"column":66}},"20":{"start":{"line":35,"column":2},"end":{"line":63,"column":null}},"21":{"start":{"line":36,"column":17},"end":{"line":36,"column":51}},"22":{"start":{"line":38,"column":4},"end":{"line":40,"column":null}},"23":{"start":{"line":39,"column":6},"end":{"line":39,"column":65}},"24":{"start":{"line":42,"column":4},"end":{"line":44,"column":null}},"25":{"start":{"line":43,"column":6},"end":{"line":43,"column":80}},"26":{"start":{"line":46,"column":4},"end":{"line":49,"column":6}},"27":{"start":{"line":51,"column":18},"end":{"line":56,"column":null}},"28":{"start":{"line":59,"column":4},"end":{"line":59,"column":43}},"29":{"start":{"line":61,"column":4},"end":{"line":61,"column":67}},"30":{"start":{"line":62,"column":4},"end":{"line":62,"column":65}},"31":{"start":{"line":28,"column":13},"end":{"line":28,"column":22}},"32":{"start":{"line":66,"column":23},"end":{"line":87,"column":2}},"33":{"start":{"line":66,"column":61},"end":{"line":87,"column":2}},"34":{"start":{"line":67,"column":2},"end":{"line":69,"column":null}},"35":{"start":{"line":68,"column":4},"end":{"line":68,"column":72}},"36":{"start":{"line":71,"column":2},"end":{"line":86,"column":null}},"37":{"start":{"line":72,"column":17},"end":{"line":76,"column":27}},"38":{"start":{"line":78,"column":4},"end":{"line":80,"column":null}},"39":{"start":{"line":79,"column":6},"end":{"line":79,"column":65}},"40":{"start":{"line":82,"column":4},"end":{"line":82,"column":38}},"41":{"start":{"line":84,"column":4},"end":{"line":84,"column":67}},"42":{"start":{"line":85,"column":4},"end":{"line":85,"column":65}},"43":{"start":{"line":66,"column":13},"end":{"line":66,"column":23}},"44":{"start":{"line":89,"column":22},"end":{"line":95,"column":1}},"45":{"start":{"line":90,"column":2},"end":{"line":92,"column":null}},"46":{"start":{"line":91,"column":4},"end":{"line":91,"column":28}},"47":{"start":{"line":94,"column":2},"end":{"line":94,"column":59}},"48":{"start":{"line":89,"column":13},"end":{"line":89,"column":22}}},"fnMap":{"0":{"name":"(anonymous_8)","decl":{"start":{"line":6,"column":22},"end":{"line":6,"column":29}},"loc":{"start":{"line":6,"column":60},"end":{"line":26,"column":2}}},"1":{"name":"(anonymous_9)","decl":{"start":{"line":6,"column":60},"end":{"line":6,"column":null}},"loc":{"start":{"line":6,"column":60},"end":{"line":26,"column":1}}},"2":{"name":"(anonymous_10)","decl":{"start":{"line":28,"column":22},"end":{"line":28,"column":29}},"loc":{"start":{"line":28,"column":60},"end":{"line":64,"column":2}}},"3":{"name":"(anonymous_11)","decl":{"start":{"line":28,"column":60},"end":{"line":28,"column":null}},"loc":{"start":{"line":28,"column":60},"end":{"line":64,"column":1}}},"4":{"name":"(anonymous_12)","decl":{"start":{"line":66,"column":23},"end":{"line":66,"column":30}},"loc":{"start":{"line":66,"column":61},"end":{"line":87,"column":2}}},"5":{"name":"(anonymous_13)","decl":{"start":{"line":66,"column":61},"end":{"line":66,"column":null}},"loc":{"start":{"line":66,"column":61},"end":{"line":87,"column":1}}},"6":{"name":"(anonymous_14)","decl":{"start":{"line":89,"column":22},"end":{"line":89,"column":23}},"loc":{"start":{"line":89,"column":54},"end":{"line":95,"column":1}}}},"branchMap":{"0":{"loc":{"start":{"line":9,"column":2},"end":{"line":11,"column":null}},"type":"if","locations":[{"start":{"line":9,"column":2},"end":{"line":11,"column":null}}]},"1":{"loc":{"start":{"line":9,"column":6},"end":{"line":9,"column":38}},"type":"binary-expr","locations":[{"start":{"line":9,"column":6},"end":{"line":9,"column":15}},{"start":{"line":9,"column":19},"end":{"line":9,"column":28}},{"start":{"line":9,"column":32},"end":{"line":9,"column":38}}]},"2":{"loc":{"start":{"line":31,"column":2},"end":{"line":33,"column":null}},"type":"if","locations":[{"start":{"line":31,"column":2},"end":{"line":33,"column":null}}]},"3":{"loc":{"start":{"line":31,"column":6},"end":{"line":31,"column":25}},"type":"binary-expr","locations":[{"start":{"line":31,"column":6},"end":{"line":31,"column":12}},{"start":{"line":31,"column":16},"end":{"line":31,"column":25}}]},"4":{"loc":{"start":{"line":38,"column":4},"end":{"line":40,"column":null}},"type":"if","locations":[{"start":{"line":38,"column":4},"end":{"line":40,"column":null}}]},"5":{"loc":{"start":{"line":42,"column":4},"end":{"line":44,"column":null}},"type":"if","locations":[{"start":{"line":42,"column":4},"end":{"line":44,"column":null}}]},"6":{"loc":{"start":{"line":67,"column":2},"end":{"line":69,"column":null}},"type":"if","locations":[{"start":{"line":67,"column":2},"end":{"line":69,"column":null}}]},"7":{"loc":{"start":{"line":78,"column":4},"end":{"line":80,"column":null}},"type":"if","locations":[{"start":{"line":78,"column":4},"end":{"line":80,"column":null}}]},"8":{"loc":{"start":{"line":90,"column":2},"end":{"line":92,"column":null}},"type":"if","locations":[{"start":{"line":90,"column":2},"end":{"line":92,"column":null}}]}},"s":{"0":0,"1":0,"2":0,"3":0,"4":0,"5":0,"6":0,"7":0,"8":0,"9":0,"10":0,"11":0,"12":0,"13":0,"14":0,"15":0,"16":0,"17":0,"18":0,"19":0,"20":0,"21":0,"22":0,"23":0,"24":0,"25":0,"26":0,"27":0,"28":0,"29":0,"30":0,"31":0,"32":0,"33":0,"34":0,"35":0,"36":0,"37":0,"38":0,"39":0,"40":0,"41":0,"42":0,"43":0,"44":0,"45":0,"46":0,"47":0,"48":0},"f":{"0":0,"1":0,"2":0,"3":0,"4":0,"5":0,"6":0},"b":{"0":[0],"1":[0,0,0],"2":[0],"3":[0,0],"4":[0],"5":[0],"6":[0],"7":[0],"8":[0]}}
,"/Users/ateffawaz/Downloads/FINAX/SI-FINAL/src/controllers/comments.controller.ts": {"path":"/Users/ateffawaz/Downloads/FINAX/SI-FINAL/src/controllers/comments.controller.ts","statementMap":{"0":{"start":{"line":2,"column":0},"end":{"line":2,"column":47}},"1":{"start":{"line":3,"column":0},"end":{"line":3,"column":75}},"2":{"start":{"line":4,"column":0},"end":{"line":4,"column":50}},"3":{"start":{"line":6,"column":26},"end":{"line":41,"column":2}},"4":{"start":{"line":6,"column":64},"end":{"line":41,"column":2}},"5":{"start":{"line":7,"column":23},"end":{"line":7,"column":33}},"6":{"start":{"line":8,"column":47},"end":{"line":8,"column":55}},"7":{"start":{"line":10,"column":16},"end":{"line":10,"column":34}},"8":{"start":{"line":12,"column":2},"end":{"line":21,"column":null}},"9":{"start":{"line":20,"column":4},"end":{"line":20,"column":74}},"10":{"start":{"line":23,"column":2},"end":{"line":40,"column":null}},"11":{"start":{"line":24,"column":23},"end":{"line":30,"column":6}},"12":{"start":{"line":32,"column":4},"end":{"line":32,"column":28}},"13":{"start":{"line":34,"column":4},"end":{"line":34,"column":66}},"14":{"start":{"line":36,"column":4},"end":{"line":36,"column":30}},"15":{"start":{"line":37,"column":4},"end":{"line":39,"column":66}},"16":{"start":{"line":6,"column":13},"end":{"line":6,"column":26}},"17":{"start":{"line":43,"column":31},"end":{"line":61,"column":2}},"18":{"start":{"line":43,"column":69},"end":{"line":61,"column":2}},"19":{"start":{"line":44,"column":23},"end":{"line":44,"column":33}},"20":{"start":{"line":46,"column":16},"end":{"line":46,"column":34}},"21":{"start":{"line":48,"column":2},"end":{"line":50,"column":null}},"22":{"start":{"line":49,"column":4},"end":{"line":49,"column":72}},"23":{"start":{"line":52,"column":2},"end":{"line":60,"column":null}},"24":{"start":{"line":53,"column":21},"end":{"line":53,"column":67}},"25":{"start":{"line":54,"column":4},"end":{"line":54,"column":50}},"26":{"start":{"line":56,"column":4},"end":{"line":56,"column":30}},"27":{"start":{"line":57,"column":4},"end":{"line":59,"column":69}},"28":{"start":{"line":43,"column":13},"end":{"line":43,"column":31}}},"fnMap":{"0":{"name":"(anonymous_8)","decl":{"start":{"line":6,"column":26},"end":{"line":6,"column":33}},"loc":{"start":{"line":6,"column":64},"end":{"line":41,"column":2}}},"1":{"name":"(anonymous_9)","decl":{"start":{"line":6,"column":64},"end":{"line":6,"column":null}},"loc":{"start":{"line":6,"column":64},"end":{"line":41,"column":1}}},"2":{"name":"(anonymous_10)","decl":{"start":{"line":43,"column":31},"end":{"line":43,"column":38}},"loc":{"start":{"line":43,"column":69},"end":{"line":61,"column":2}}},"3":{"name":"(anonymous_11)","decl":{"start":{"line":43,"column":69},"end":{"line":43,"column":null}},"loc":{"start":{"line":43,"column":69},"end":{"line":61,"column":1}}}},"branchMap":{"0":{"loc":{"start":{"line":12,"column":2},"end":{"line":21,"column":null}},"type":"if","locations":[{"start":{"line":12,"column":2},"end":{"line":21,"column":null}}]},"1":{"loc":{"start":{"line":13,"column":4},"end":{"line":18,"column":10}},"type":"binary-expr","locations":[{"start":{"line":13,"column":4},"end":{"line":13,"column":13}},{"start":{"line":14,"column":4},"end":{"line":14,"column":18}},{"start":{"line":15,"column":4},"end":{"line":15,"column":11}},{"start":{"line":16,"column":4},"end":{"line":16,"column":13}},{"start":{"line":17,"column":4},"end":{"line":17,"column":12}},{"start":{"line":18,"column":4},"end":{"line":18,"column":10}}]},"2":{"loc":{"start":{"line":48,"column":2},"end":{"line":50,"column":null}},"type":"if","locations":[{"start":{"line":48,"column":2},"end":{"line":50,"column":null}}]},"3":{"loc":{"start":{"line":48,"column":6},"end":{"line":48,"column":33}},"type":"binary-expr","locations":[{"start":{"line":48,"column":6},"end":{"line":48,"column":15}},{"start":{"line":48,"column":19},"end":{"line":48,"column":33}}]}},"s":{"0":0,"1":0,"2":0,"3":0,"4":0,"5":0,"6":0,"7":0,"8":0,"9":0,"10":0,"11":0,"12":0,"13":0,"14":0,"15":0,"16":0,"17":0,"18":0,"19":0,"20":0,"21":0,"22":0,"23":0,"24":0,"25":0,"26":0,"27":0,"28":0},"f":{"0":0,"1":0,"2":0,"3":0},"b":{"0":[0],"1":[0,0,0,0,0,0],"2":[0],"3":[0,0]}}
,"/Users/ateffawaz/Downloads/FINAX/SI-FINAL/src/controllers/messages.controller.ts": {"path":"/Users/ateffawaz/Downloads/FINAX/SI-FINAL/src/controllers/messages.controller.ts","statementMap":{"0":{"start":{"line":2,"column":0},"end":{"line":2,"column":50}},"1":{"start":{"line":3,"column":0},"end":{"line":3,"column":75}},"2":{"start":{"line":5,"column":27},"end":{"line":8,"column":2}},"3":{"start":{"line":5,"column":66},"end":{"line":8,"column":2}},"4":{"start":{"line":6,"column":19},"end":{"line":6,"column":46}},"5":{"start":{"line":7,"column":2},"end":{"line":7,"column":44}},"6":{"start":{"line":5,"column":13},"end":{"line":5,"column":27}},"7":{"start":{"line":10,"column":30},"end":{"line":25,"column":2}},"8":{"start":{"line":10,"column":68},"end":{"line":25,"column":2}},"9":{"start":{"line":11,"column":24},"end":{"line":11,"column":34}},"10":{"start":{"line":13,"column":2},"end":{"line":24,"column":null}},"11":{"start":{"line":14,"column":20},"end":{"line":14,"column":58}},"12":{"start":{"line":15,"column":4},"end":{"line":15,"column":45}},"13":{"start":{"line":17,"column":4},"end":{"line":20,"column":6}},"14":{"start":{"line":21,"column":4},"end":{"line":23,"column":54}},"15":{"start":{"line":10,"column":13},"end":{"line":10,"column":30}},"16":{"start":{"line":27,"column":26},"end":{"line":48,"column":2}},"17":{"start":{"line":27,"column":64},"end":{"line":48,"column":2}},"18":{"start":{"line":28,"column":22},"end":{"line":28,"column":30}},"19":{"start":{"line":30,"column":2},"end":{"line":32,"column":null}},"20":{"start":{"line":31,"column":4},"end":{"line":31,"column":73}},"21":{"start":{"line":34,"column":2},"end":{"line":36,"column":null}},"22":{"start":{"line":35,"column":4},"end":{"line":35,"column":79}},"23":{"start":{"line":38,"column":2},"end":{"line":38,"column":38}},"24":{"start":{"line":40,"column":2},"end":{"line":47,"column":null}},"25":{"start":{"line":41,"column":23},"end":{"line":41,"column":48}},"26":{"start":{"line":42,"column":4},"end":{"line":42,"column":28}},"27":{"start":{"line":43,"column":4},"end":{"line":43,"column":48}},"28":{"start":{"line":45,"column":4},"end":{"line":45,"column":78}},"29":{"start":{"line":46,"column":4},"end":{"line":46,"column":75}},"30":{"start":{"line":27,"column":13},"end":{"line":27,"column":26}},"31":{"start":{"line":50,"column":27},"end":{"line":68,"column":2}},"32":{"start":{"line":50,"column":65},"end":{"line":68,"column":2}},"33":{"start":{"line":51,"column":19},"end":{"line":51,"column":27}},"34":{"start":{"line":52,"column":24},"end":{"line":52,"column":34}},"35":{"start":{"line":54,"column":2},"end":{"line":55,"column":73}},"36":{"start":{"line":55,"column":4},"end":{"line":55,"column":73}},"37":{"start":{"line":57,"column":2},"end":{"line":67,"column":null}},"38":{"start":{"line":58,"column":20},"end":{"line":61,"column":null}},"39":{"start":{"line":63,"column":4},"end":{"line":63,"column":45}},"40":{"start":{"line":65,"column":4},"end":{"line":65,"column":74}},"41":{"start":{"line":66,"column":4},"end":{"line":66,"column":78}},"42":{"start":{"line":50,"column":13},"end":{"line":50,"column":27}},"43":{"start":{"line":70,"column":29},"end":{"line":83,"column":2}},"44":{"start":{"line":70,"column":67},"end":{"line":83,"column":2}},"45":{"start":{"line":71,"column":24},"end":{"line":71,"column":34}},"46":{"start":{"line":73,"column":2},"end":{"line":74,"column":73}},"47":{"start":{"line":74,"column":4},"end":{"line":74,"column":73}},"48":{"start":{"line":76,"column":2},"end":{"line":82,"column":null}},"49":{"start":{"line":77,"column":4},"end":{"line":77,"column":52}},"50":{"start":{"line":78,"column":4},"end":{"line":78,"column":68}},"51":{"start":{"line":80,"column":4},"end":{"line":80,"column":74}},"52":{"start":{"line":81,"column":4},"end":{"line":81,"column":78}},"53":{"start":{"line":70,"column":13},"end":{"line":70,"column":29}}},"fnMap":{"0":{"name":"(anonymous_8)","decl":{"start":{"line":5,"column":27},"end":{"line":5,"column":34}},"loc":{"start":{"line":5,"column":66},"end":{"line":8,"column":2}}},"1":{"name":"(anonymous_9)","decl":{"start":{"line":5,"column":66},"end":{"line":5,"column":null}},"loc":{"start":{"line":5,"column":66},"end":{"line":8,"column":1}}},"2":{"name":"(anonymous_10)","decl":{"start":{"line":10,"column":30},"end":{"line":10,"column":37}},"loc":{"start":{"line":10,"column":68},"end":{"line":25,"column":2}}},"3":{"name":"(anonymous_11)","decl":{"start":{"line":10,"column":68},"end":{"line":10,"column":null}},"loc":{"start":{"line":10,"column":68},"end":{"line":25,"column":1}}},"4":{"name":"(anonymous_12)","decl":{"start":{"line":27,"column":26},"end":{"line":27,"column":33}},"loc":{"start":{"line":27,"column":64},"end":{"line":48,"column":2}}},"5":{"name":"(anonymous_13)","decl":{"start":{"line":27,"column":64},"end":{"line":27,"column":null}},"loc":{"start":{"line":27,"column":64},"end":{"line":48,"column":1}}},"6":{"name":"(anonymous_14)","decl":{"start":{"line":50,"column":27},"end":{"line":50,"column":34}},"loc":{"start":{"line":50,"column":65},"end":{"line":68,"column":2}}},"7":{"name":"(anonymous_15)","decl":{"start":{"line":50,"column":65},"end":{"line":50,"column":null}},"loc":{"start":{"line":50,"column":65},"end":{"line":68,"column":1}}},"8":{"name":"(anonymous_16)","decl":{"start":{"line":70,"column":29},"end":{"line":70,"column":36}},"loc":{"start":{"line":70,"column":67},"end":{"line":83,"column":2}}},"9":{"name":"(anonymous_17)","decl":{"start":{"line":70,"column":67},"end":{"line":70,"column":null}},"loc":{"start":{"line":70,"column":67},"end":{"line":83,"column":1}}}},"branchMap":{"0":{"loc":{"start":{"line":30,"column":2},"end":{"line":32,"column":null}},"type":"if","locations":[{"start":{"line":30,"column":2},"end":{"line":32,"column":null}}]},"1":{"loc":{"start":{"line":30,"column":6},"end":{"line":30,"column":31}},"type":"binary-expr","locations":[{"start":{"line":30,"column":6},"end":{"line":30,"column":14}},{"start":{"line":30,"column":18},"end":{"line":30,"column":31}}]},"2":{"loc":{"start":{"line":34,"column":2},"end":{"line":36,"column":null}},"type":"if","locations":[{"start":{"line":34,"column":2},"end":{"line":36,"column":null}}]},"3":{"loc":{"start":{"line":54,"column":2},"end":{"line":55,"column":73}},"type":"if","locations":[{"start":{"line":54,"column":2},"end":{"line":55,"column":73}}]},"4":{"loc":{"start":{"line":54,"column":6},"end":{"line":54,"column":25}},"type":"binary-expr","locations":[{"start":{"line":54,"column":6},"end":{"line":54,"column":11}},{"start":{"line":54,"column":15},"end":{"line":54,"column":25}}]},"5":{"loc":{"start":{"line":73,"column":2},"end":{"line":74,"column":73}},"type":"if","locations":[{"start":{"line":73,"column":2},"end":{"line":74,"column":73}}]}},"s":{"0":0,"1":0,"2":0,"3":0,"4":0,"5":0,"6":0,"7":0,"8":0,"9":0,"10":0,"11":0,"12":0,"13":0,"14":0,"15":0,"16":0,"17":0,"18":0,"19":0,"20":0,"21":0,"22":0,"23":0,"24":0,"25":0,"26":0,"27":0,"28":0,"29":0,"30":0,"31":0,"32":0,"33":0,"34":0,"35":0,"36":0,"37":0,"38":0,"39":0,"40":0,"41":0,"42":0,"43":0,"44":0,"45":0,"46":0,"47":0,"48":0,"49":0,"50":0,"51":0,"52":0,"53":0},"f":{"0":0,"1":0,"2":0,"3":0,"4":0,"5":0,"6":0,"7":0,"8":0,"9":0},"b":{"0":[0],"1":[0,0],"2":[0],"3":[0],"4":[0,0],"5":[0]}}
,"/Users/ateffawaz/Downloads/FINAX/SI-FINAL/src/controllers/movies.controller.ts": {"path":"/Users/ateffawaz/Downloads/FINAX/SI-FINAL/src/controllers/movies.controller.ts","statementMap":{"0":{"start":{"line":2,"column":0},"end":{"line":2,"column":47}},"1":{"start":{"line":3,"column":0},"end":{"line":3,"column":47}},"2":{"start":{"line":4,"column":0},"end":{"line":4,"column":63}},"3":{"start":{"line":6,"column":25},"end":{"line":35,"column":2}},"4":{"start":{"line":6,"column":63},"end":{"line":35,"column":2}},"5":{"start":{"line":7,"column":23},"end":{"line":7,"column":32}},"6":{"start":{"line":9,"column":2},"end":{"line":34,"column":null}},"7":{"start":{"line":10,"column":19},"end":{"line":10,"column":64}},"8":{"start":{"line":11,"column":4},"end":{"line":11,"column":56}},"9":{"start":{"line":13,"column":4},"end":{"line":33,"column":null}},"10":{"start":{"line":14,"column":21},"end":{"line":15,"column":null}},"11":{"start":{"line":18,"column":28},"end":{"line":25,"column":12}},"12":{"start":{"line":19,"column":25},"end":{"line":19,"column":30}},"13":{"start":{"line":20,"column":8},"end":{"line":22,"column":null}},"14":{"start":{"line":21,"column":10},"end":{"line":21,"column":25}},"15":{"start":{"line":23,"column":8},"end":{"line":23,"column":30}},"16":{"start":{"line":24,"column":8},"end":{"line":24,"column":19}},"17":{"start":{"line":27,"column":6},"end":{"line":27,"column":65}},"18":{"start":{"line":29,"column":6},"end":{"line":29,"column":32}},"19":{"start":{"line":30,"column":6},"end":{"line":32,"column":69}},"20":{"start":{"line":6,"column":13},"end":{"line":6,"column":25}},"21":{"start":{"line":37,"column":28},"end":{"line":47,"column":2}},"22":{"start":{"line":37,"column":55},"end":{"line":47,"column":2}},"23":{"start":{"line":38,"column":2},"end":{"line":46,"column":null}},"24":{"start":{"line":39,"column":19},"end":{"line":41,"column":null}},"25":{"start":{"line":43,"column":4},"end":{"line":43,"column":23}},"26":{"start":{"line":45,"column":4},"end":{"line":45,"column":30}},"27":{"start":{"line":49,"column":33},"end":{"line":61,"column":2}},"28":{"start":{"line":49,"column":72},"end":{"line":61,"column":2}},"29":{"start":{"line":50,"column":2},"end":{"line":60,"column":null}},"30":{"start":{"line":51,"column":19},"end":{"line":52,"column":null}},"31":{"start":{"line":54,"column":4},"end":{"line":54,"column":54}},"32":{"start":{"line":56,"column":4},"end":{"line":56,"column":30}},"33":{"start":{"line":57,"column":4},"end":{"line":59,"column":77}},"34":{"start":{"line":49,"column":13},"end":{"line":49,"column":33}},"35":{"start":{"line":63,"column":29},"end":{"line":76,"column":2}},"36":{"start":{"line":63,"column":67},"end":{"line":76,"column":2}},"37":{"start":{"line":64,"column":2},"end":{"line":75,"column":null}},"38":{"start":{"line":65,"column":19},"end":{"line":67,"column":null}},"39":{"start":{"line":69,"column":4},"end":{"line":69,"column":54}},"40":{"start":{"line":71,"column":4},"end":{"line":71,"column":30}},"41":{"start":{"line":72,"column":4},"end":{"line":74,"column":72}},"42":{"start":{"line":63,"column":13},"end":{"line":63,"column":29}}},"fnMap":{"0":{"name":"(anonymous_8)","decl":{"start":{"line":6,"column":25},"end":{"line":6,"column":32}},"loc":{"start":{"line":6,"column":63},"end":{"line":35,"column":2}}},"1":{"name":"(anonymous_9)","decl":{"start":{"line":6,"column":63},"end":{"line":6,"column":null}},"loc":{"start":{"line":6,"column":63},"end":{"line":35,"column":1}}},"2":{"name":"(anonymous_10)","decl":{"start":{"line":18,"column":47},"end":{"line":18,"column":48}},"loc":{"start":{"line":18,"column":72},"end":{"line":25,"column":7}}},"3":{"name":"(anonymous_11)","decl":{"start":{"line":37,"column":28},"end":{"line":37,"column":35}},"loc":{"start":{"line":37,"column":55},"end":{"line":47,"column":2}}},"4":{"name":"(anonymous_12)","decl":{"start":{"line":37,"column":55},"end":{"line":37,"column":null}},"loc":{"start":{"line":37,"column":55},"end":{"line":47,"column":1}}},"5":{"name":"(anonymous_13)","decl":{"start":{"line":49,"column":33},"end":{"line":49,"column":40}},"loc":{"start":{"line":49,"column":72},"end":{"line":61,"column":2}}},"6":{"name":"(anonymous_14)","decl":{"start":{"line":49,"column":72},"end":{"line":49,"column":null}},"loc":{"start":{"line":49,"column":72},"end":{"line":61,"column":1}}},"7":{"name":"(anonymous_15)","decl":{"start":{"line":63,"column":29},"end":{"line":63,"column":36}},"loc":{"start":{"line":63,"column":67},"end":{"line":76,"column":2}}},"8":{"name":"(anonymous_16)","decl":{"start":{"line":63,"column":67},"end":{"line":63,"column":null}},"loc":{"start":{"line":63,"column":67},"end":{"line":76,"column":1}}}},"branchMap":{"0":{"loc":{"start":{"line":9,"column":2},"end":{"line":34,"column":null}},"type":"if","locations":[{"start":{"line":9,"column":2},"end":{"line":34,"column":null}},{"start":{"line":12,"column":9},"end":{"line":34,"column":null}}]},"1":{"loc":{"start":{"line":20,"column":8},"end":{"line":22,"column":null}},"type":"if","locations":[{"start":{"line":20,"column":8},"end":{"line":22,"column":null}}]}},"s":{"0":0,"1":0,"2":0,"3":0,"4":0,"5":0,"6":0,"7":0,"8":0,"9":0,"10":0,"11":0,"12":0,"13":0,"14":0,"15":0,"16":0,"17":0,"18":0,"19":0,"20":0,"21":0,"22":0,"23":0,"24":0,"25":0,"26":0,"27":0,"28":0,"29":0,"30":0,"31":0,"32":0,"33":0,"34":0,"35":0,"36":0,"37":0,"38":0,"39":0,"40":0,"41":0,"42":0},"f":{"0":0,"1":0,"2":0,"3":0,"4":0,"5":0,"6":0,"7":0,"8":0},"b":{"0":[0,0],"1":[0]}}
,"/Users/ateffawaz/Downloads/FINAX/SI-FINAL/src/controllers/profile.controller.ts": {"path":"/Users/ateffawaz/Downloads/FINAX/SI-FINAL/src/controllers/profile.controller.ts","statementMap":{"0":{"start":{"line":2,"column":0},"end":{"line":2,"column":47}},"1":{"start":{"line":3,"column":0},"end":{"line":3,"column":47}},"2":{"start":{"line":4,"column":0},"end":{"line":4,"column":75}},"3":{"start":{"line":6,"column":28},"end":{"line":41,"column":2}},"4":{"start":{"line":6,"column":66},"end":{"line":41,"column":2}},"5":{"start":{"line":7,"column":39},"end":{"line":7,"column":47}},"6":{"start":{"line":9,"column":2},"end":{"line":11,"column":null}},"7":{"start":{"line":10,"column":4},"end":{"line":10,"column":74}},"8":{"start":{"line":13,"column":2},"end":{"line":17,"column":null}},"9":{"start":{"line":14,"column":4},"end":{"line":16,"column":73}},"10":{"start":{"line":19,"column":2},"end":{"line":40,"column":null}},"11":{"start":{"line":20,"column":19},"end":{"line":22,"column":null}},"12":{"start":{"line":25,"column":4},"end":{"line":27,"column":null}},"13":{"start":{"line":26,"column":6},"end":{"line":26,"column":76}},"14":{"start":{"line":29,"column":4},"end":{"line":32,"column":6}},"15":{"start":{"line":34,"column":4},"end":{"line":34,"column":69}},"16":{"start":{"line":36,"column":4},"end":{"line":36,"column":72}},"17":{"start":{"line":37,"column":4},"end":{"line":39,"column":69}},"18":{"start":{"line":6,"column":13},"end":{"line":6,"column":28}},"19":{"start":{"line":43,"column":22},"end":{"line":49,"column":2}},"20":{"start":{"line":43,"column":60},"end":{"line":49,"column":2}},"21":{"start":{"line":44,"column":2},"end":{"line":46,"column":null}},"22":{"start":{"line":45,"column":4},"end":{"line":45,"column":28}},"23":{"start":{"line":48,"column":2},"end":{"line":48,"column":63}},"24":{"start":{"line":43,"column":13},"end":{"line":43,"column":22}}},"fnMap":{"0":{"name":"(anonymous_8)","decl":{"start":{"line":6,"column":28},"end":{"line":6,"column":35}},"loc":{"start":{"line":6,"column":66},"end":{"line":41,"column":2}}},"1":{"name":"(anonymous_9)","decl":{"start":{"line":6,"column":66},"end":{"line":6,"column":null}},"loc":{"start":{"line":6,"column":66},"end":{"line":41,"column":1}}},"2":{"name":"(anonymous_10)","decl":{"start":{"line":43,"column":22},"end":{"line":43,"column":29}},"loc":{"start":{"line":43,"column":60},"end":{"line":49,"column":2}}},"3":{"name":"(anonymous_11)","decl":{"start":{"line":43,"column":60},"end":{"line":43,"column":null}},"loc":{"start":{"line":43,"column":60},"end":{"line":49,"column":1}}}},"branchMap":{"0":{"loc":{"start":{"line":9,"column":2},"end":{"line":11,"column":null}},"type":"if","locations":[{"start":{"line":9,"column":2},"end":{"line":11,"column":null}}]},"1":{"loc":{"start":{"line":9,"column":6},"end":{"line":9,"column":34}},"type":"binary-expr","locations":[{"start":{"line":9,"column":6},"end":{"line":9,"column":18}},{"start":{"line":9,"column":22},"end":{"line":9,"column":34}}]},"2":{"loc":{"start":{"line":13,"column":2},"end":{"line":17,"column":null}},"type":"if","locations":[{"start":{"line":13,"column":2},"end":{"line":17,"column":null}}]},"3":{"loc":{"start":{"line":25,"column":4},"end":{"line":27,"column":null}},"type":"if","locations":[{"start":{"line":25,"column":4},"end":{"line":27,"column":null}}]},"4":{"loc":{"start":{"line":44,"column":2},"end":{"line":46,"column":null}},"type":"if","locations":[{"start":{"line":44,"column":2},"end":{"line":46,"column":null}}]}},"s":{"0":0,"1":0,"2":0,"3":0,"4":0,"5":0,"6":0,"7":0,"8":0,"9":0,"10":0,"11":0,"12":0,"13":0,"14":0,"15":0,"16":0,"17":0,"18":0,"19":0,"20":0,"21":0,"22":0,"23":0,"24":0},"f":{"0":0,"1":0,"2":0,"3":0},"b":{"0":[0],"1":[0,0],"2":[0],"3":[0],"4":[0]}}
,"/Users/ateffawaz/Downloads/FINAX/SI-FINAL/src/controllers/rating.controller.ts": {"path":"/Users/ateffawaz/Downloads/FINAX/SI-FINAL/src/controllers/rating.controller.ts","statementMap":{"0":{"start":{"line":2,"column":0},"end":{"line":2,"column":47}},"1":{"start":{"line":3,"column":0},"end":{"line":3,"column":47}},"2":{"start":{"line":4,"column":0},"end":{"line":4,"column":75}},"3":{"start":{"line":5,"column":0},"end":{"line":5,"column":48}},"4":{"start":{"line":7,"column":25},"end":{"line":45,"column":2}},"5":{"start":{"line":7,"column":63},"end":{"line":45,"column":2}},"6":{"start":{"line":8,"column":22},"end":{"line":8,"column":32}},"7":{"start":{"line":9,"column":21},"end":{"line":9,"column":29}},"8":{"start":{"line":11,"column":17},"end":{"line":11,"column":34}},"9":{"start":{"line":13,"column":2},"end":{"line":15,"column":null}},"10":{"start":{"line":14,"column":4},"end":{"line":14,"column":74}},"11":{"start":{"line":17,"column":2},"end":{"line":44,"column":null}},"12":{"start":{"line":18,"column":22},"end":{"line":22,"column":6}},"13":{"start":{"line":24,"column":4},"end":{"line":24,"column":27}},"14":{"start":{"line":26,"column":20},"end":{"line":26,"column":58}},"15":{"start":{"line":28,"column":26},"end":{"line":30,"column":null}},"16":{"start":{"line":29,"column":23},"end":{"line":29,"column":42}},"17":{"start":{"line":33,"column":4},"end":{"line":36,"column":7}},"18":{"start":{"line":38,"column":4},"end":{"line":38,"column":65}},"19":{"start":{"line":40,"column":4},"end":{"line":40,"column":30}},"20":{"start":{"line":41,"column":4},"end":{"line":43,"column":65}},"21":{"start":{"line":7,"column":13},"end":{"line":7,"column":25}}},"fnMap":{"0":{"name":"(anonymous_8)","decl":{"start":{"line":7,"column":25},"end":{"line":7,"column":32}},"loc":{"start":{"line":7,"column":63},"end":{"line":45,"column":2}}},"1":{"name":"(anonymous_9)","decl":{"start":{"line":7,"column":63},"end":{"line":7,"column":null}},"loc":{"start":{"line":7,"column":63},"end":{"line":45,"column":1}}},"2":{"name":"(anonymous_10)","decl":{"start":{"line":29,"column":6},"end":{"line":29,"column":7}},"loc":{"start":{"line":29,"column":23},"end":{"line":29,"column":42}}}},"branchMap":{"0":{"loc":{"start":{"line":13,"column":2},"end":{"line":15,"column":null}},"type":"if","locations":[{"start":{"line":13,"column":2},"end":{"line":15,"column":null}}]},"1":{"loc":{"start":{"line":13,"column":6},"end":{"line":13,"column":32}},"type":"binary-expr","locations":[{"start":{"line":13,"column":6},"end":{"line":13,"column":21}},{"start":{"line":13,"column":25},"end":{"line":13,"column":32}}]}},"s":{"0":0,"1":0,"2":0,"3":0,"4":0,"5":0,"6":0,"7":0,"8":0,"9":0,"10":0,"11":0,"12":0,"13":0,"14":0,"15":0,"16":0,"17":0,"18":0,"19":0,"20":0,"21":0},"f":{"0":0,"1":0,"2":0},"b":{"0":[0],"1":[0,0]}}
,"/Users/ateffawaz/Downloads/FINAX/SI-FINAL/src/controllers/users.controller.ts": {"path":"/Users/ateffawaz/Downloads/FINAX/SI-FINAL/src/controllers/users.controller.ts","statementMap":{"0":{"start":{"line":2,"column":0},"end":{"line":2,"column":null}},"1":{"start":{"line":9,"column":0},"end":{"line":9,"column":47}},"2":{"start":{"line":10,"column":0},"end":{"line":10,"column":47}},"3":{"start":{"line":11,"column":0},"end":{"line":11,"column":28}},"4":{"start":{"line":12,"column":0},"end":{"line":12,"column":31}},"5":{"start":{"line":14,"column":24},"end":{"line":63,"column":2}},"6":{"start":{"line":14,"column":62},"end":{"line":63,"column":2}},"7":{"start":{"line":15,"column":63},"end":{"line":15,"column":71}},"8":{"start":{"line":17,"column":2},"end":{"line":19,"column":null}},"9":{"start":{"line":18,"column":4},"end":{"line":18,"column":74}},"10":{"start":{"line":21,"column":17},"end":{"line":21,"column":37}},"11":{"start":{"line":23,"column":2},"end":{"line":62,"column":null}},"12":{"start":{"line":24,"column":19},"end":{"line":26,"column":6}},"13":{"start":{"line":27,"column":4},"end":{"line":31,"column":null}},"14":{"start":{"line":28,"column":6},"end":{"line":30,"column":58}},"15":{"start":{"line":33,"column":27},"end":{"line":33,"column":56}},"16":{"start":{"line":35,"column":4},"end":{"line":35,"column":32}},"17":{"start":{"line":37,"column":22},"end":{"line":40,"column":null}},"18":{"start":{"line":42,"column":4},"end":{"line":42,"column":50}},"19":{"start":{"line":44,"column":20},"end":{"line":46,"column":null}},"20":{"start":{"line":48,"column":4},"end":{"line":48,"column":51}},"21":{"start":{"line":50,"column":4},"end":{"line":50,"column":33}},"22":{"start":{"line":52,"column":4},"end":{"line":52,"column":65}},"23":{"start":{"line":54,"column":4},"end":{"line":54,"column":35}},"24":{"start":{"line":55,"column":4},"end":{"line":55,"column":69}},"25":{"start":{"line":56,"column":4},"end":{"line":59,"column":7}},"26":{"start":{"line":61,"column":4},"end":{"line":61,"column":21}},"27":{"start":{"line":14,"column":13},"end":{"line":14,"column":24}},"28":{"start":{"line":65,"column":21},"end":{"line":108,"column":2}},"29":{"start":{"line":65,"column":59},"end":{"line":108,"column":2}},"30":{"start":{"line":66,"column":30},"end":{"line":66,"column":38}},"31":{"start":{"line":68,"column":2},"end":{"line":70,"column":null}},"32":{"start":{"line":69,"column":4},"end":{"line":69,"column":74}},"33":{"start":{"line":72,"column":2},"end":{"line":107,"column":null}},"34":{"start":{"line":73,"column":19},"end":{"line":75,"column":6}},"35":{"start":{"line":77,"column":4},"end":{"line":79,"column":null}},"36":{"start":{"line":78,"column":6},"end":{"line":78,"column":80}},"37":{"start":{"line":81,"column":17},"end":{"line":81,"column":31}},"38":{"start":{"line":82,"column":28},"end":{"line":82,"column":71}},"39":{"start":{"line":84,"column":4},"end":{"line":86,"column":null}},"40":{"start":{"line":85,"column":6},"end":{"line":85,"column":80}},"41":{"start":{"line":88,"column":4},"end":{"line":91,"column":6}},"42":{"start":{"line":93,"column":18},"end":{"line":98,"column":null}},"43":{"start":{"line":101,"column":4},"end":{"line":101,"column":72}},"44":{"start":{"line":103,"column":4},"end":{"line":103,"column":60}},"45":{"start":{"line":104,"column":4},"end":{"line":106,"column":62}},"46":{"start":{"line":65,"column":13},"end":{"line":65,"column":21}}},"fnMap":{"0":{"name":"(anonymous_8)","decl":{"start":{"line":14,"column":24},"end":{"line":14,"column":31}},"loc":{"start":{"line":14,"column":62},"end":{"line":63,"column":2}}},"1":{"name":"(anonymous_9)","decl":{"start":{"line":14,"column":62},"end":{"line":14,"column":null}},"loc":{"start":{"line":14,"column":62},"end":{"line":63,"column":1}}},"2":{"name":"(anonymous_10)","decl":{"start":{"line":65,"column":21},"end":{"line":65,"column":28}},"loc":{"start":{"line":65,"column":59},"end":{"line":108,"column":2}}},"3":{"name":"(anonymous_11)","decl":{"start":{"line":65,"column":59},"end":{"line":65,"column":null}},"loc":{"start":{"line":65,"column":59},"end":{"line":108,"column":1}}}},"branchMap":{"0":{"loc":{"start":{"line":17,"column":2},"end":{"line":19,"column":null}},"type":"if","locations":[{"start":{"line":17,"column":2},"end":{"line":19,"column":null}}]},"1":{"loc":{"start":{"line":17,"column":6},"end":{"line":17,"column":50}},"type":"binary-expr","locations":[{"start":{"line":17,"column":6},"end":{"line":17,"column":12}},{"start":{"line":17,"column":16},"end":{"line":17,"column":25}},{"start":{"line":17,"column":29},"end":{"line":17,"column":38}},{"start":{"line":17,"column":42},"end":{"line":17,"column":50}}]},"2":{"loc":{"start":{"line":27,"column":4},"end":{"line":31,"column":null}},"type":"if","locations":[{"start":{"line":27,"column":4},"end":{"line":31,"column":null}}]},"3":{"loc":{"start":{"line":68,"column":2},"end":{"line":70,"column":null}},"type":"if","locations":[{"start":{"line":68,"column":2},"end":{"line":70,"column":null}}]},"4":{"loc":{"start":{"line":68,"column":6},"end":{"line":68,"column":25}},"type":"binary-expr","locations":[{"start":{"line":68,"column":6},"end":{"line":68,"column":12}},{"start":{"line":68,"column":16},"end":{"line":68,"column":25}}]},"5":{"loc":{"start":{"line":77,"column":4},"end":{"line":79,"column":null}},"type":"if","locations":[{"start":{"line":77,"column":4},"end":{"line":79,"column":null}}]},"6":{"loc":{"start":{"line":84,"column":4},"end":{"line":86,"column":null}},"type":"if","locations":[{"start":{"line":84,"column":4},"end":{"line":86,"column":null}}]}},"s":{"0":0,"1":0,"2":0,"3":0,"4":0,"5":0,"6":0,"7":0,"8":0,"9":0,"10":0,"11":0,"12":0,"13":0,"14":0,"15":0,"16":0,"17":0,"18":0,"19":0,"20":0,"21":0,"22":0,"23":0,"24":0,"25":0,"26":0,"27":0,"28":0,"29":0,"30":0,"31":0,"32":0,"33":0,"34":0,"35":0,"36":0,"37":0,"38":0,"39":0,"40":0,"41":0,"42":0,"43":0,"44":0,"45":0,"46":0},"f":{"0":0,"1":0,"2":0,"3":0},"b":{"0":[0],"1":[0,0,0,0],"2":[0],"3":[0],"4":[0,0],"5":[0],"6":[0]}}
,"/Users/ateffawaz/Downloads/FINAX/SI-FINAL/src/middleware/authentication.ts": {"path":"/Users/ateffawaz/Downloads/FINAX/SI-FINAL/src/middleware/authentication.ts","statementMap":{"0":{"start":{"line":2,"column":0},"end":{"line":2,"column":31}},"1":{"start":{"line":3,"column":0},"end":{"line":3,"column":56}},"2":{"start":{"line":4,"column":0},"end":{"line":4,"column":35}},"3":{"start":{"line":6,"column":20},"end":{"line":26,"column":1}},"4":{"start":{"line":7,"column":16},"end":{"line":7,"column":43}},"5":{"start":{"line":9,"column":2},"end":{"line":11,"column":null}},"6":{"start":{"line":10,"column":4},"end":{"line":10,"column":68}},"7":{"start":{"line":13,"column":2},"end":{"line":25,"column":null}},"8":{"start":{"line":14,"column":20},"end":{"line":16,"column":null}},"9":{"start":{"line":18,"column":4},"end":{"line":18,"column":28}},"10":{"start":{"line":20,"column":4},"end":{"line":20,"column":42}},"11":{"start":{"line":21,"column":4},"end":{"line":21,"column":11}},"12":{"start":{"line":23,"column":4},"end":{"line":23,"column":24}},"13":{"start":{"line":24,"column":4},"end":{"line":24,"column":69}},"14":{"start":{"line":28,"column":0},"end":{"line":28,"column":27}}},"fnMap":{"0":{"name":"(anonymous_1)","decl":{"start":{"line":6,"column":20},"end":{"line":6,"column":21}},"loc":{"start":{"line":6,"column":72},"end":{"line":26,"column":1}}}},"branchMap":{"0":{"loc":{"start":{"line":9,"column":2},"end":{"line":11,"column":null}},"type":"if","locations":[{"start":{"line":9,"column":2},"end":{"line":11,"column":null}}]}},"s":{"0":0,"1":0,"2":0,"3":0,"4":0,"5":0,"6":0,"7":0,"8":0,"9":0,"10":0,"11":0,"12":0,"13":0,"14":0},"f":{"0":0},"b":{"0":[0]}}
,"/Users/ateffawaz/Downloads/FINAX/SI-FINAL/src/middleware/healthCheck.ts": {"path":"/Users/ateffawaz/Downloads/FINAX/SI-FINAL/src/middleware/healthCheck.ts","statementMap":{"0":{"start":{"line":1,"column":0},"end":{"line":1,"column":52}},"1":{"start":{"line":3,"column":15},"end":{"line":3,"column":23}},"2":{"start":{"line":5,"column":0},"end":{"line":9,"column":3}},"3":{"start":{"line":6,"column":2},"end":{"line":8,"column":5}},"4":{"start":{"line":11,"column":0},"end":{"line":11,"column":22}}},"fnMap":{"0":{"name":"(anonymous_0)","decl":{"start":{"line":5,"column":26},"end":{"line":5,"column":27}},"loc":{"start":{"line":5,"column":59},"end":{"line":9,"column":1}}}},"branchMap":{},"s":{"0":0,"1":0,"2":0,"3":0,"4":0},"f":{"0":0},"b":{}}
,"/Users/ateffawaz/Downloads/FINAX/SI-FINAL/src/middleware/notFound.ts": {"path":"/Users/ateffawaz/Downloads/FINAX/SI-FINAL/src/middleware/notFound.ts","statementMap":{"0":{"start":{"line":3,"column":0},"end":{"line":10,"column":2}},"1":{"start":{"line":4,"column":14},"end":{"line":4,"column":36}},"2":{"start":{"line":5,"column":2},"end":{"line":9,"column":5}}},"fnMap":{"0":{"name":"(anonymous_0)","decl":{"start":{"line":3,"column":15},"end":{"line":3,"column":16}},"loc":{"start":{"line":3,"column":48},"end":{"line":10,"column":1}}}},"branchMap":{},"s":{"0":1,"1":1,"2":1},"f":{"0":1},"b":{}}
,"/Users/ateffawaz/Downloads/FINAX/SI-FINAL/src/middleware/validator.ts": {"path":"/Users/ateffawaz/Downloads/FINAX/SI-FINAL/src/middleware/validator.ts","statementMap":{"0":{"start":{"line":2,"column":0},"end":{"line":2,"column":35}},"1":{"start":{"line":3,"column":0},"end":{"line":3,"column":54}},"2":{"start":{"line":5,"column":18},"end":{"line":26,"column":1}},"3":{"start":{"line":7,"column":2},"end":{"line":9,"column":null}},"4":{"start":{"line":8,"column":4},"end":{"line":8,"column":34}},"5":{"start":{"line":11,"column":23},"end":{"line":11,"column":55}},"6":{"start":{"line":12,"column":2},"end":{"line":12,"column":40}},"7":{"start":{"line":14,"column":2},"end":{"line":25,"column":null}},"8":{"start":{"line":15,"column":4},"end":{"line":19,"column":null}},"9":{"start":{"line":16,"column":6},"end":{"line":18,"column":null}},"10":{"start":{"line":17,"column":8},"end":{"line":17,"column":29}},"11":{"start":{"line":21,"column":4},"end":{"line":21,"column":11}},"12":{"start":{"line":23,"column":4},"end":{"line":23,"column":24}},"13":{"start":{"line":24,"column":4},"end":{"line":24,"column":58}},"14":{"start":{"line":28,"column":0},"end":{"line":28,"column":25}}},"fnMap":{"0":{"name":"(anonymous_0)","decl":{"start":{"line":5,"column":18},"end":{"line":5,"column":19}},"loc":{"start":{"line":5,"column":70},"end":{"line":26,"column":1}}}},"branchMap":{"0":{"loc":{"start":{"line":7,"column":2},"end":{"line":9,"column":null}},"type":"if","locations":[{"start":{"line":7,"column":2},"end":{"line":9,"column":null}}]},"1":{"loc":{"start":{"line":16,"column":6},"end":{"line":18,"column":null}},"type":"if","locations":[{"start":{"line":16,"column":6},"end":{"line":18,"column":null}}]}},"s":{"0":0,"1":0,"2":0,"3":0,"4":0,"5":0,"6":0,"7":0,"8":0,"9":0,"10":0,"11":0,"12":0,"13":0,"14":0},"f":{"0":0},"b":{"0":[0],"1":[0]}}
,"/Users/ateffawaz/Downloads/FINAX/SI-FINAL/src/middleware/winston.ts": {"path":"/Users/ateffawaz/Downloads/FINAX/SI-FINAL/src/middleware/winston.ts","statementMap":{"0":{"start":{"line":1,"column":0},"end":{"line":1,"column":59}},"1":{"start":{"line":4,"column":16},"end":{"line":18,"column":2}},"2":{"start":{"line":20,"column":15},"end":{"line":26,"column":2}},"3":{"start":{"line":34,"column":9},"end":{"line":34,"column":15}},"4":{"start":{"line":28,"column":30},"end":{"line":32,"column":2}},"5":{"start":{"line":30,"column":4},"end":{"line":30,"column":32}},"6":{"start":{"line":34,"column":17},"end":{"line":34,"column":23}}},"fnMap":{"0":{"name":"(anonymous_0)","decl":{"start":{"line":29,"column":9},"end":{"line":29,"column":10}},"loc":{"start":{"line":29,"column":29},"end":{"line":31,"column":3}}}},"branchMap":{},"s":{"0":0,"1":0,"2":0,"3":0,"4":0,"5":0,"6":0},"f":{"0":0},"b":{}}
,"/Users/ateffawaz/Downloads/FINAX/SI-FINAL/src/models/commentModel.ts": {"path":"/Users/ateffawaz/Downloads/FINAX/SI-FINAL/src/models/commentModel.ts","statementMap":{"0":{"start":{"line":1,"column":0},"end":{"line":1,"column":54}},"1":{"start":{"line":14,"column":30},"end":{"line":53,"column":null}},"2":{"start":{"line":56,"column":16},"end":{"line":56,"column":66}},"3":{"start":{"line":57,"column":0},"end":{"line":57,"column":23}}},"fnMap":{},"branchMap":{},"s":{"0":0,"1":0,"2":0,"3":0},"f":{},"b":{}}
,"/Users/ateffawaz/Downloads/FINAX/SI-FINAL/src/models/messageModel.ts": {"path":"/Users/ateffawaz/Downloads/FINAX/SI-FINAL/src/models/messageModel.ts","statementMap":{"0":{"start":{"line":1,"column":0},"end":{"line":1,"column":54}},"1":{"start":{"line":10,"column":30},"end":{"line":23,"column":null}},"2":{"start":{"line":26,"column":16},"end":{"line":26,"column":66}},"3":{"start":{"line":27,"column":0},"end":{"line":27,"column":23}}},"fnMap":{},"branchMap":{},"s":{"0":0,"1":0,"2":0,"3":0},"f":{},"b":{}}
,"/Users/ateffawaz/Downloads/FINAX/SI-FINAL/src/models/ratingModel.ts": {"path":"/Users/ateffawaz/Downloads/FINAX/SI-FINAL/src/models/ratingModel.ts","statementMap":{"0":{"start":{"line":1,"column":0},"end":{"line":1,"column":54}},"1":{"start":{"line":10,"column":29},"end":{"line":31,"column":null}},"2":{"start":{"line":34,"column":15},"end":{"line":34,"column":62}},"3":{"start":{"line":35,"column":0},"end":{"line":35,"column":22}}},"fnMap":{},"branchMap":{},"s":{"0":0,"1":0,"2":0,"3":0},"f":{},"b":{}}
,"/Users/ateffawaz/Downloads/FINAX/SI-FINAL/src/models/userModel.ts": {"path":"/Users/ateffawaz/Downloads/FINAX/SI-FINAL/src/models/userModel.ts","statementMap":{"0":{"start":{"line":1,"column":0},"end":{"line":1,"column":54}},"1":{"start":{"line":12,"column":27},"end":{"line":37,"column":null}},"2":{"start":{"line":40,"column":13},"end":{"line":40,"column":54}},"3":{"start":{"line":41,"column":0},"end":{"line":41,"column":20}}},"fnMap":{},"branchMap":{},"s":{"0":1,"1":1,"2":1,"3":1},"f":{},"b":{}}
,"/Users/ateffawaz/Downloads/FINAX/SI-FINAL/src/routes/auth.routes.ts": {"path":"/Users/ateffawaz/Downloads/FINAX/SI-FINAL/src/routes/auth.routes.ts","statementMap":{"0":{"start":{"line":1,"column":0},"end":{"line":1,"column":30}},"1":{"start":{"line":2,"column":0},"end":{"line":2,"column":63}},"2":{"start":{"line":4,"column":15},"end":{"line":4,"column":31}},"3":{"start":{"line":6,"column":0},"end":{"line":6,"column":44}},"4":{"start":{"line":7,"column":0},"end":{"line":7,"column":43}},"5":{"start":{"line":8,"column":0},"end":{"line":8,"column":40}},"6":{"start":{"line":9,"column":0},"end":{"line":9,"column":43}},"7":{"start":{"line":11,"column":0},"end":{"line":11,"column":22}}},"fnMap":{},"branchMap":{},"s":{"0":0,"1":0,"2":0,"3":0,"4":0,"5":0,"6":0,"7":0},"f":{},"b":{}}
,"/Users/ateffawaz/Downloads/FINAX/SI-FINAL/src/routes/comments.routes.ts": {"path":"/Users/ateffawaz/Downloads/FINAX/SI-FINAL/src/routes/comments.routes.ts","statementMap":{"0":{"start":{"line":1,"column":0},"end":{"line":1,"column":30}},"1":{"start":{"line":2,"column":0},"end":{"line":2,"column":70}},"2":{"start":{"line":4,"column":15},"end":{"line":4,"column":31}},"3":{"start":{"line":6,"column":0},"end":{"line":6,"column":58}},"4":{"start":{"line":7,"column":0},"end":{"line":7,"column":54}},"5":{"start":{"line":9,"column":0},"end":{"line":9,"column":22}}},"fnMap":{},"branchMap":{},"s":{"0":0,"1":0,"2":0,"3":0,"4":0,"5":0},"f":{},"b":{}}
,"/Users/ateffawaz/Downloads/FINAX/SI-FINAL/src/routes/messages.routes.ts": {"path":"/Users/ateffawaz/Downloads/FINAX/SI-FINAL/src/routes/messages.routes.ts","statementMap":{"0":{"start":{"line":1,"column":0},"end":{"line":1,"column":30}},"1":{"start":{"line":2,"column":0},"end":{"line":2,"column":69}},"2":{"start":{"line":4,"column":15},"end":{"line":4,"column":31}},"3":{"start":{"line":6,"column":0},"end":{"line":6,"column":55}},"4":{"start":{"line":7,"column":0},"end":{"line":7,"column":44}},"5":{"start":{"line":8,"column":0},"end":{"line":8,"column":59}},"6":{"start":{"line":9,"column":0},"end":{"line":9,"column":66}},"7":{"start":{"line":10,"column":0},"end":{"line":10,"column":57}},"8":{"start":{"line":12,"column":0},"end":{"line":12,"column":22}}},"fnMap":{},"branchMap":{},"s":{"0":0,"1":0,"2":0,"3":0,"4":0,"5":0,"6":0,"7":0,"8":0},"f":{},"b":{}}
,"/Users/ateffawaz/Downloads/FINAX/SI-FINAL/src/routes/movies.routes.ts": {"path":"/Users/ateffawaz/Downloads/FINAX/SI-FINAL/src/routes/movies.routes.ts","statementMap":{"0":{"start":{"line":1,"column":0},"end":{"line":1,"column":30}},"1":{"start":{"line":2,"column":0},"end":{"line":2,"column":66}},"2":{"start":{"line":4,"column":15},"end":{"line":4,"column":31}},"3":{"start":{"line":6,"column":0},"end":{"line":6,"column":41}},"4":{"start":{"line":7,"column":0},"end":{"line":7,"column":52}},"5":{"start":{"line":8,"column":0},"end":{"line":8,"column":47}},"6":{"start":{"line":10,"column":0},"end":{"line":10,"column":22}}},"fnMap":{},"branchMap":{},"s":{"0":0,"1":0,"2":0,"3":0,"4":0,"5":0,"6":0},"f":{},"b":{}}
,"/Users/ateffawaz/Downloads/FINAX/SI-FINAL/src/routes/profile.routes.ts": {"path":"/Users/ateffawaz/Downloads/FINAX/SI-FINAL/src/routes/profile.routes.ts","statementMap":{"0":{"start":{"line":1,"column":0},"end":{"line":1,"column":30}},"1":{"start":{"line":2,"column":0},"end":{"line":2,"column":69}},"2":{"start":{"line":4,"column":15},"end":{"line":4,"column":31}},"3":{"start":{"line":6,"column":0},"end":{"line":6,"column":46}},"4":{"start":{"line":7,"column":0},"end":{"line":7,"column":41}},"5":{"start":{"line":9,"column":0},"end":{"line":9,"column":22}}},"fnMap":{},"branchMap":{},"s":{"0":0,"1":0,"2":0,"3":0,"4":0,"5":0},"f":{},"b":{}}
,"/Users/ateffawaz/Downloads/FINAX/SI-FINAL/src/routes/rating.routes.ts": {"path":"/Users/ateffawaz/Downloads/FINAX/SI-FINAL/src/routes/rating.routes.ts","statementMap":{"0":{"start":{"line":1,"column":0},"end":{"line":1,"column":30}},"1":{"start":{"line":2,"column":0},"end":{"line":2,"column":66}},"2":{"start":{"line":4,"column":15},"end":{"line":4,"column":31}},"3":{"start":{"line":6,"column":0},"end":{"line":6,"column":50}},"4":{"start":{"line":8,"column":0},"end":{"line":8,"column":22}}},"fnMap":{},"branchMap":{},"s":{"0":0,"1":0,"2":0,"3":0,"4":0},"f":{},"b":{}}
,"/Users/ateffawaz/Downloads/FINAX/SI-FINAL/src/routes/users.routes.ts": {"path":"/Users/ateffawaz/Downloads/FINAX/SI-FINAL/src/routes/users.routes.ts","statementMap":{"0":{"start":{"line":1,"column":0},"end":{"line":1,"column":30}},"1":{"start":{"line":2,"column":0},"end":{"line":2,"column":64}},"2":{"start":{"line":4,"column":15},"end":{"line":4,"column":31}},"3":{"start":{"line":6,"column":0},"end":{"line":6,"column":48}},"4":{"start":{"line":7,"column":0},"end":{"line":7,"column":42}},"5":{"start":{"line":9,"column":0},"end":{"line":9,"column":22}}},"fnMap":{},"branchMap":{},"s":{"0":0,"1":0,"2":0,"3":0,"4":0,"5":0},"f":{},"b":{}}
}
